2023/05/11 14:32:09 - mmengine - INFO - 
------------------------------------------------------------
System environment:
    sys.platform: linux
    Python: 3.10.11 (main, Apr  5 2023, 14:15:10) [GCC 9.4.0]
    CUDA available: True
    numpy_random_seed: 32
    GPU 0: Tesla T4
    CUDA_HOME: /usr/local/cuda
    NVCC: Cuda compilation tools, release 11.8, V11.8.89
    GCC: x86_64-linux-gnu-gcc (Ubuntu 9.4.0-1ubuntu1~20.04.1) 9.4.0
    PyTorch: 2.0.0+cu118
    PyTorch compiling details: PyTorch built with:
  - GCC 9.3
  - C++ Version: 201703
  - Intel(R) oneAPI Math Kernel Library Version 2022.2-Product Build 20220804 for Intel(R) 64 architecture applications
  - Intel(R) MKL-DNN v2.7.3 (Git Hash 6dbeffbae1f23cbbeae17adb7b5b13f1f37c080e)
  - OpenMP 201511 (a.k.a. OpenMP 4.5)
  - LAPACK is enabled (usually provided by MKL)
  - NNPACK is enabled
  - CPU capability usage: AVX2
  - CUDA Runtime 11.8
  - NVCC architecture flags: -gencode;arch=compute_37,code=sm_37;-gencode;arch=compute_50,code=sm_50;-gencode;arch=compute_60,code=sm_60;-gencode;arch=compute_70,code=sm_70;-gencode;arch=compute_75,code=sm_75;-gencode;arch=compute_80,code=sm_80;-gencode;arch=compute_86,code=sm_86;-gencode;arch=compute_90,code=sm_90
  - CuDNN 8.7
  - Magma 2.6.1
  - Build settings: BLAS_INFO=mkl, BUILD_TYPE=Release, CUDA_VERSION=11.8, CUDNN_VERSION=8.7.0, CXX_COMPILER=/opt/rh/devtoolset-9/root/usr/bin/c++, CXX_FLAGS= -D_GLIBCXX_USE_CXX11_ABI=0 -fabi-version=11 -Wno-deprecated -fvisibility-inlines-hidden -DUSE_PTHREADPOOL -DNDEBUG -DUSE_KINETO -DLIBKINETO_NOROCTRACER -DUSE_FBGEMM -DUSE_QNNPACK -DUSE_PYTORCH_QNNPACK -DUSE_XNNPACK -DSYMBOLICATE_MOBILE_DEBUG_HANDLE -O2 -fPIC -Wall -Wextra -Werror=return-type -Werror=non-virtual-dtor -Werror=bool-operation -Wnarrowing -Wno-missing-field-initializers -Wno-type-limits -Wno-array-bounds -Wno-unknown-pragmas -Wunused-local-typedefs -Wno-unused-parameter -Wno-unused-function -Wno-unused-result -Wno-strict-overflow -Wno-strict-aliasing -Wno-error=deprecated-declarations -Wno-stringop-overflow -Wno-psabi -Wno-error=pedantic -Wno-error=redundant-decls -Wno-error=old-style-cast -fdiagnostics-color=always -faligned-new -Wno-unused-but-set-variable -Wno-maybe-uninitialized -fno-math-errno -fno-trapping-math -Werror=format -Werror=cast-function-type -Wno-stringop-overflow, LAPACK_INFO=mkl, PERF_WITH_AVX=1, PERF_WITH_AVX2=1, PERF_WITH_AVX512=1, TORCH_DISABLE_GPU_ASSERTS=ON, TORCH_VERSION=2.0.0, USE_CUDA=ON, USE_CUDNN=ON, USE_EXCEPTION_PTR=1, USE_GFLAGS=OFF, USE_GLOG=OFF, USE_MKL=ON, USE_MKLDNN=ON, USE_MPI=OFF, USE_NCCL=1, USE_NNPACK=ON, USE_OPENMP=ON, USE_ROCM=OFF, 

    TorchVision: 0.15.1+cu118
    OpenCV: 4.7.0
    MMEngine: 0.7.3

Runtime environment:
    cudnn_benchmark: True
    mp_cfg: {'mp_start_method': 'fork', 'opencv_num_threads': 0}
    dist_cfg: {'backend': 'nccl'}
    seed: 32
    Distributed launcher: none
    Distributed training: False
    GPU number: 1
------------------------------------------------------------

2023/05/11 14:32:10 - mmengine - INFO - Config:
checkpoint = 'https://download.openmmlab.com/mmsegmentation/v0.5/pretrain/segmenter/vit_base_p16_384_20220308-96dfe169.pth'
backbone_norm_cfg = dict(type='LN', eps=1e-06, requires_grad=True)
data_preprocessor = dict(
    type='SegDataPreProcessor',
    mean=[127.5, 127.5, 127.5],
    std=[127.5, 127.5, 127.5],
    bgr_to_rgb=True,
    pad_val=0,
    seg_pad_val=255,
    size=(512, 512))
model = dict(
    type='EncoderDecoder',
    data_preprocessor=dict(
        type='SegDataPreProcessor',
        mean=[127.5, 127.5, 127.5],
        std=[127.5, 127.5, 127.5],
        bgr_to_rgb=True,
        pad_val=0,
        seg_pad_val=255,
        size=(512, 512)),
    pretrained=
    'https://download.openmmlab.com/mmsegmentation/v0.5/pretrain/segmenter/vit_base_p16_384_20220308-96dfe169.pth',
    backbone=dict(
        type='VisionTransformer',
        img_size=(512, 512),
        patch_size=16,
        in_channels=3,
        embed_dims=768,
        num_layers=12,
        num_heads=12,
        drop_path_rate=0.1,
        attn_drop_rate=0.0,
        drop_rate=0.0,
        final_norm=True,
        norm_cfg=dict(type='LN', eps=1e-06, requires_grad=True),
        with_cls_token=True,
        interpolate_mode='bicubic'),
    decode_head=dict(
        type='SegmenterMaskTransformerHead',
        in_channels=768,
        channels=768,
        num_classes=2,
        num_layers=2,
        num_heads=12,
        embed_dims=768,
        dropout_ratio=0.0,
        loss_decode=dict(
            type='CrossEntropyLoss', use_sigmoid=False, loss_weight=1.0)),
    test_cfg=dict(mode='slide', crop_size=(512, 512), stride=(480, 480)))
dataset_type = 'ISICTask1DatasetX'
data_root = '/content/dataset'
crop_size = (512, 512)
train_pipeline = [
    dict(type='LoadImageFromFile'),
    dict(type='LoadAnnotations'),
    dict(type='RandomCrop', crop_size=(512, 512), cat_max_ratio=0.75),
    dict(type='RandomFlip', prob=0.5),
    dict(type='PackSegInputs')
]
test_pipeline = [
    dict(type='LoadImageFromFile'),
    dict(type='LoadAnnotations'),
    dict(type='PackSegInputs')
]
img_ratios = [0.5, 0.75, 1.0, 1.25, 1.5, 1.75]
tta_pipeline = [
    dict(type='LoadImageFromFile', backend_args=None),
    dict(
        type='TestTimeAug',
        transforms=[[{
            'type': 'Resize',
            'scale_factor': 0.5,
            'keep_ratio': True
        }, {
            'type': 'Resize',
            'scale_factor': 0.75,
            'keep_ratio': True
        }, {
            'type': 'Resize',
            'scale_factor': 1.0,
            'keep_ratio': True
        }, {
            'type': 'Resize',
            'scale_factor': 1.25,
            'keep_ratio': True
        }, {
            'type': 'Resize',
            'scale_factor': 1.5,
            'keep_ratio': True
        }, {
            'type': 'Resize',
            'scale_factor': 1.75,
            'keep_ratio': True
        }],
                    [{
                        'type': 'RandomFlip',
                        'prob': 0.0,
                        'direction': 'horizontal'
                    }, {
                        'type': 'RandomFlip',
                        'prob': 1.0,
                        'direction': 'horizontal'
                    }], [{
                        'type': 'LoadAnnotations'
                    }], [{
                        'type': 'PackSegInputs'
                    }]])
]
train_dataloader = dict(
    batch_size=1,
    num_workers=2,
    persistent_workers=True,
    sampler=dict(type='InfiniteSampler', shuffle=True),
    dataset=dict(
        type='ISICTask1DatasetX',
        data_root='/content/dataset',
        data_prefix=dict(
            img_path='img_dir/ISIC2018_Task1-2_Training_Input',
            seg_map_path='ann_dir/ISIC2018_Task1_Training_GroundTruth'),
        pipeline=[
            dict(type='LoadImageFromFile'),
            dict(type='LoadAnnotations'),
            dict(type='RandomCrop', crop_size=(512, 512), cat_max_ratio=0.75),
            dict(type='RandomFlip', prob=0.5),
            dict(type='PackSegInputs')
        ]))
val_dataloader = dict(
    batch_size=1,
    num_workers=4,
    persistent_workers=True,
    sampler=dict(type='DefaultSampler', shuffle=False),
    dataset=dict(
        type='ISICTask1DatasetX',
        data_root='/content/dataset',
        data_prefix=dict(
            img_path='img_dir/ISIC2018_Task1-2_Test_Input',
            seg_map_path='ann_dir/ISIC2018_Task1_Test_GroundTruth'),
        pipeline=[
            dict(type='LoadImageFromFile'),
            dict(type='LoadAnnotations'),
            dict(type='PackSegInputs')
        ]))
test_dataloader = dict(
    batch_size=1,
    num_workers=4,
    persistent_workers=True,
    sampler=dict(type='DefaultSampler', shuffle=False),
    dataset=dict(
        type='ISICTask1DatasetX',
        data_root='/content/dataset',
        data_prefix=dict(
            img_path='img_dir/ISIC2018_Task1-2_Test_Input',
            seg_map_path='ann_dir/ISIC2018_Task1_Test_GroundTruth'),
        pipeline=[
            dict(type='LoadImageFromFile'),
            dict(type='LoadAnnotations'),
            dict(type='PackSegInputs')
        ]))
val_evaluator = dict(type='IoUMetric', iou_metrics=['mIoU'])
test_evaluator = dict(type='IoUMetric', iou_metrics=['mIoU'])
default_scope = 'mmseg'
env_cfg = dict(
    cudnn_benchmark=True,
    mp_cfg=dict(mp_start_method='fork', opencv_num_threads=0),
    dist_cfg=dict(backend='nccl'))
vis_backends = [dict(type='LocalVisBackend')]
visualizer = dict(
    type='SegLocalVisualizer',
    vis_backends=[dict(type='LocalVisBackend')],
    name='visualizer')
log_processor = dict(by_epoch=False)
log_level = 'INFO'
load_from = 'https://download.openmmlab.com/mmsegmentation/v0.5/segmenter/segmenter_vit-t_mask_8x1_512x512_160k_ade20k/segmenter_vit-t_mask_8x1_512x512_160k_ade20k_20220105_151706-ffcf7509.pth'
resume = False
tta_model = dict(type='SegTTAModel')
optimizer = dict(type='SGD', lr=0.001, momentum=0.9, weight_decay=0.0)
optim_wrapper = dict(
    type='OptimWrapper',
    optimizer=dict(type='SGD', lr=0.001, momentum=0.9, weight_decay=0.0),
    clip_grad=None)
param_scheduler = [
    dict(type='LinearLR', by_epoch=False, start_factor=0.1, begin=0, end=100),
    dict(
        type='PolyLR',
        eta_min=0.0001,
        power=0.9,
        begin=0,
        end=160,
        by_epoch=False)
]
train_cfg = dict(type='IterBasedTrainLoop', max_iters=50, val_interval=50)
val_cfg = dict(type='ValLoop')
test_cfg = dict(type='TestLoop')
default_hooks = dict(
    timer=dict(type='IterTimerHook'),
    logger=dict(type='LoggerHook', interval=50, log_metric_by_epoch=False),
    param_scheduler=dict(type='ParamSchedulerHook'),
    checkpoint=dict(type='CheckpointHook', by_epoch=False, interval=16000),
    sampler_seed=dict(type='DistSamplerSeedHook'),
    visualization=dict(type='SegVisualizationHook'))
work_dir = './work_dirs/tutorial'
randomness = dict(seed=32)

2023/05/11 14:32:18 - mmengine - INFO - Distributed training is not used, all SyncBatchNorm (SyncBN) layers in the model will be automatically reverted to BatchNormXd layers if they are used.
2023/05/11 14:32:18 - mmengine - INFO - Hooks will be executed in the following order:
before_run:
(VERY_HIGH   ) RuntimeInfoHook                    
(BELOW_NORMAL) LoggerHook                         
 -------------------- 
before_train:
(VERY_HIGH   ) RuntimeInfoHook                    
(NORMAL      ) IterTimerHook                      
(VERY_LOW    ) CheckpointHook                     
 -------------------- 
before_train_epoch:
(VERY_HIGH   ) RuntimeInfoHook                    
(NORMAL      ) IterTimerHook                      
(NORMAL      ) DistSamplerSeedHook                
 -------------------- 
before_train_iter:
(VERY_HIGH   ) RuntimeInfoHook                    
(NORMAL      ) IterTimerHook                      
 -------------------- 
after_train_iter:
(VERY_HIGH   ) RuntimeInfoHook                    
(NORMAL      ) IterTimerHook                      
(NORMAL      ) SegVisualizationHook               
(BELOW_NORMAL) LoggerHook                         
(LOW         ) ParamSchedulerHook                 
(VERY_LOW    ) CheckpointHook                     
 -------------------- 
after_train_epoch:
(NORMAL      ) IterTimerHook                      
(LOW         ) ParamSchedulerHook                 
(VERY_LOW    ) CheckpointHook                     
 -------------------- 
before_val_epoch:
(NORMAL      ) IterTimerHook                      
 -------------------- 
before_val_iter:
(NORMAL      ) IterTimerHook                      
 -------------------- 
after_val_iter:
(NORMAL      ) IterTimerHook                      
(NORMAL      ) SegVisualizationHook               
(BELOW_NORMAL) LoggerHook                         
 -------------------- 
after_val_epoch:
(VERY_HIGH   ) RuntimeInfoHook                    
(NORMAL      ) IterTimerHook                      
(BELOW_NORMAL) LoggerHook                         
(LOW         ) ParamSchedulerHook                 
(VERY_LOW    ) CheckpointHook                     
 -------------------- 
after_train:
(VERY_LOW    ) CheckpointHook                     
 -------------------- 
before_test_epoch:
(NORMAL      ) IterTimerHook                      
 -------------------- 
before_test_iter:
(NORMAL      ) IterTimerHook                      
 -------------------- 
after_test_iter:
(NORMAL      ) IterTimerHook                      
(NORMAL      ) SegVisualizationHook               
(BELOW_NORMAL) LoggerHook                         
 -------------------- 
after_test_epoch:
(VERY_HIGH   ) RuntimeInfoHook                    
(NORMAL      ) IterTimerHook                      
(BELOW_NORMAL) LoggerHook                         
 -------------------- 
after_run:
(BELOW_NORMAL) LoggerHook                         
 -------------------- 
2023/05/11 14:32:28 - mmengine - WARNING - The prefix is not set in metric class IoUMetric.
Name of parameter - Initialization information

backbone.cls_token - torch.Size([1, 1, 768]): 
Initialized by user-defined `init_weights` in VisionTransformer  

backbone.pos_embed - torch.Size([1, 1025, 768]): 
Initialized by user-defined `init_weights` in VisionTransformer  

backbone.patch_embed.projection.weight - torch.Size([768, 3, 16, 16]): 
Initialized by user-defined `init_weights` in VisionTransformer  

backbone.patch_embed.projection.bias - torch.Size([768]): 
Initialized by user-defined `init_weights` in VisionTransformer  

backbone.layers.0.ln1.weight - torch.Size([768]): 
Initialized by user-defined `init_weights` in VisionTransformer  

backbone.layers.0.ln1.bias - torch.Size([768]): 
Initialized by user-defined `init_weights` in VisionTransformer  

backbone.layers.0.attn.attn.in_proj_weight - torch.Size([2304, 768]): 
Initialized by user-defined `init_weights` in VisionTransformer  

backbone.layers.0.attn.attn.in_proj_bias - torch.Size([2304]): 
Initialized by user-defined `init_weights` in VisionTransformer  

backbone.layers.0.attn.attn.out_proj.weight - torch.Size([768, 768]): 
Initialized by user-defined `init_weights` in VisionTransformer  

backbone.layers.0.attn.attn.out_proj.bias - torch.Size([768]): 
Initialized by user-defined `init_weights` in VisionTransformer  

backbone.layers.0.ln2.weight - torch.Size([768]): 
Initialized by user-defined `init_weights` in VisionTransformer  

backbone.layers.0.ln2.bias - torch.Size([768]): 
Initialized by user-defined `init_weights` in VisionTransformer  

backbone.layers.0.ffn.layers.0.0.weight - torch.Size([3072, 768]): 
Initialized by user-defined `init_weights` in VisionTransformer  

backbone.layers.0.ffn.layers.0.0.bias - torch.Size([3072]): 
Initialized by user-defined `init_weights` in VisionTransformer  

backbone.layers.0.ffn.layers.1.weight - torch.Size([768, 3072]): 
Initialized by user-defined `init_weights` in VisionTransformer  

backbone.layers.0.ffn.layers.1.bias - torch.Size([768]): 
Initialized by user-defined `init_weights` in VisionTransformer  

backbone.layers.1.ln1.weight - torch.Size([768]): 
Initialized by user-defined `init_weights` in VisionTransformer  

backbone.layers.1.ln1.bias - torch.Size([768]): 
Initialized by user-defined `init_weights` in VisionTransformer  

backbone.layers.1.attn.attn.in_proj_weight - torch.Size([2304, 768]): 
Initialized by user-defined `init_weights` in VisionTransformer  

backbone.layers.1.attn.attn.in_proj_bias - torch.Size([2304]): 
Initialized by user-defined `init_weights` in VisionTransformer  

backbone.layers.1.attn.attn.out_proj.weight - torch.Size([768, 768]): 
Initialized by user-defined `init_weights` in VisionTransformer  

backbone.layers.1.attn.attn.out_proj.bias - torch.Size([768]): 
Initialized by user-defined `init_weights` in VisionTransformer  

backbone.layers.1.ln2.weight - torch.Size([768]): 
Initialized by user-defined `init_weights` in VisionTransformer  

backbone.layers.1.ln2.bias - torch.Size([768]): 
Initialized by user-defined `init_weights` in VisionTransformer  

backbone.layers.1.ffn.layers.0.0.weight - torch.Size([3072, 768]): 
Initialized by user-defined `init_weights` in VisionTransformer  

backbone.layers.1.ffn.layers.0.0.bias - torch.Size([3072]): 
Initialized by user-defined `init_weights` in VisionTransformer  

backbone.layers.1.ffn.layers.1.weight - torch.Size([768, 3072]): 
Initialized by user-defined `init_weights` in VisionTransformer  

backbone.layers.1.ffn.layers.1.bias - torch.Size([768]): 
Initialized by user-defined `init_weights` in VisionTransformer  

backbone.layers.2.ln1.weight - torch.Size([768]): 
Initialized by user-defined `init_weights` in VisionTransformer  

backbone.layers.2.ln1.bias - torch.Size([768]): 
Initialized by user-defined `init_weights` in VisionTransformer  

backbone.layers.2.attn.attn.in_proj_weight - torch.Size([2304, 768]): 
Initialized by user-defined `init_weights` in VisionTransformer  

backbone.layers.2.attn.attn.in_proj_bias - torch.Size([2304]): 
Initialized by user-defined `init_weights` in VisionTransformer  

backbone.layers.2.attn.attn.out_proj.weight - torch.Size([768, 768]): 
Initialized by user-defined `init_weights` in VisionTransformer  

backbone.layers.2.attn.attn.out_proj.bias - torch.Size([768]): 
Initialized by user-defined `init_weights` in VisionTransformer  

backbone.layers.2.ln2.weight - torch.Size([768]): 
Initialized by user-defined `init_weights` in VisionTransformer  

backbone.layers.2.ln2.bias - torch.Size([768]): 
Initialized by user-defined `init_weights` in VisionTransformer  

backbone.layers.2.ffn.layers.0.0.weight - torch.Size([3072, 768]): 
Initialized by user-defined `init_weights` in VisionTransformer  

backbone.layers.2.ffn.layers.0.0.bias - torch.Size([3072]): 
Initialized by user-defined `init_weights` in VisionTransformer  

backbone.layers.2.ffn.layers.1.weight - torch.Size([768, 3072]): 
Initialized by user-defined `init_weights` in VisionTransformer  

backbone.layers.2.ffn.layers.1.bias - torch.Size([768]): 
Initialized by user-defined `init_weights` in VisionTransformer  

backbone.layers.3.ln1.weight - torch.Size([768]): 
Initialized by user-defined `init_weights` in VisionTransformer  

backbone.layers.3.ln1.bias - torch.Size([768]): 
Initialized by user-defined `init_weights` in VisionTransformer  

backbone.layers.3.attn.attn.in_proj_weight - torch.Size([2304, 768]): 
Initialized by user-defined `init_weights` in VisionTransformer  

backbone.layers.3.attn.attn.in_proj_bias - torch.Size([2304]): 
Initialized by user-defined `init_weights` in VisionTransformer  

backbone.layers.3.attn.attn.out_proj.weight - torch.Size([768, 768]): 
Initialized by user-defined `init_weights` in VisionTransformer  

backbone.layers.3.attn.attn.out_proj.bias - torch.Size([768]): 
Initialized by user-defined `init_weights` in VisionTransformer  

backbone.layers.3.ln2.weight - torch.Size([768]): 
Initialized by user-defined `init_weights` in VisionTransformer  

backbone.layers.3.ln2.bias - torch.Size([768]): 
Initialized by user-defined `init_weights` in VisionTransformer  

backbone.layers.3.ffn.layers.0.0.weight - torch.Size([3072, 768]): 
Initialized by user-defined `init_weights` in VisionTransformer  

backbone.layers.3.ffn.layers.0.0.bias - torch.Size([3072]): 
Initialized by user-defined `init_weights` in VisionTransformer  

backbone.layers.3.ffn.layers.1.weight - torch.Size([768, 3072]): 
Initialized by user-defined `init_weights` in VisionTransformer  

backbone.layers.3.ffn.layers.1.bias - torch.Size([768]): 
Initialized by user-defined `init_weights` in VisionTransformer  

backbone.layers.4.ln1.weight - torch.Size([768]): 
Initialized by user-defined `init_weights` in VisionTransformer  

backbone.layers.4.ln1.bias - torch.Size([768]): 
Initialized by user-defined `init_weights` in VisionTransformer  

backbone.layers.4.attn.attn.in_proj_weight - torch.Size([2304, 768]): 
Initialized by user-defined `init_weights` in VisionTransformer  

backbone.layers.4.attn.attn.in_proj_bias - torch.Size([2304]): 
Initialized by user-defined `init_weights` in VisionTransformer  

backbone.layers.4.attn.attn.out_proj.weight - torch.Size([768, 768]): 
Initialized by user-defined `init_weights` in VisionTransformer  

backbone.layers.4.attn.attn.out_proj.bias - torch.Size([768]): 
Initialized by user-defined `init_weights` in VisionTransformer  

backbone.layers.4.ln2.weight - torch.Size([768]): 
Initialized by user-defined `init_weights` in VisionTransformer  

backbone.layers.4.ln2.bias - torch.Size([768]): 
Initialized by user-defined `init_weights` in VisionTransformer  

backbone.layers.4.ffn.layers.0.0.weight - torch.Size([3072, 768]): 
Initialized by user-defined `init_weights` in VisionTransformer  

backbone.layers.4.ffn.layers.0.0.bias - torch.Size([3072]): 
Initialized by user-defined `init_weights` in VisionTransformer  

backbone.layers.4.ffn.layers.1.weight - torch.Size([768, 3072]): 
Initialized by user-defined `init_weights` in VisionTransformer  

backbone.layers.4.ffn.layers.1.bias - torch.Size([768]): 
Initialized by user-defined `init_weights` in VisionTransformer  

backbone.layers.5.ln1.weight - torch.Size([768]): 
Initialized by user-defined `init_weights` in VisionTransformer  

backbone.layers.5.ln1.bias - torch.Size([768]): 
Initialized by user-defined `init_weights` in VisionTransformer  

backbone.layers.5.attn.attn.in_proj_weight - torch.Size([2304, 768]): 
Initialized by user-defined `init_weights` in VisionTransformer  

backbone.layers.5.attn.attn.in_proj_bias - torch.Size([2304]): 
Initialized by user-defined `init_weights` in VisionTransformer  

backbone.layers.5.attn.attn.out_proj.weight - torch.Size([768, 768]): 
Initialized by user-defined `init_weights` in VisionTransformer  

backbone.layers.5.attn.attn.out_proj.bias - torch.Size([768]): 
Initialized by user-defined `init_weights` in VisionTransformer  

backbone.layers.5.ln2.weight - torch.Size([768]): 
Initialized by user-defined `init_weights` in VisionTransformer  

backbone.layers.5.ln2.bias - torch.Size([768]): 
Initialized by user-defined `init_weights` in VisionTransformer  

backbone.layers.5.ffn.layers.0.0.weight - torch.Size([3072, 768]): 
Initialized by user-defined `init_weights` in VisionTransformer  

backbone.layers.5.ffn.layers.0.0.bias - torch.Size([3072]): 
Initialized by user-defined `init_weights` in VisionTransformer  

backbone.layers.5.ffn.layers.1.weight - torch.Size([768, 3072]): 
Initialized by user-defined `init_weights` in VisionTransformer  

backbone.layers.5.ffn.layers.1.bias - torch.Size([768]): 
Initialized by user-defined `init_weights` in VisionTransformer  

backbone.layers.6.ln1.weight - torch.Size([768]): 
Initialized by user-defined `init_weights` in VisionTransformer  

backbone.layers.6.ln1.bias - torch.Size([768]): 
Initialized by user-defined `init_weights` in VisionTransformer  

backbone.layers.6.attn.attn.in_proj_weight - torch.Size([2304, 768]): 
Initialized by user-defined `init_weights` in VisionTransformer  

backbone.layers.6.attn.attn.in_proj_bias - torch.Size([2304]): 
Initialized by user-defined `init_weights` in VisionTransformer  

backbone.layers.6.attn.attn.out_proj.weight - torch.Size([768, 768]): 
Initialized by user-defined `init_weights` in VisionTransformer  

backbone.layers.6.attn.attn.out_proj.bias - torch.Size([768]): 
Initialized by user-defined `init_weights` in VisionTransformer  

backbone.layers.6.ln2.weight - torch.Size([768]): 
Initialized by user-defined `init_weights` in VisionTransformer  

backbone.layers.6.ln2.bias - torch.Size([768]): 
Initialized by user-defined `init_weights` in VisionTransformer  

backbone.layers.6.ffn.layers.0.0.weight - torch.Size([3072, 768]): 
Initialized by user-defined `init_weights` in VisionTransformer  

backbone.layers.6.ffn.layers.0.0.bias - torch.Size([3072]): 
Initialized by user-defined `init_weights` in VisionTransformer  

backbone.layers.6.ffn.layers.1.weight - torch.Size([768, 3072]): 
Initialized by user-defined `init_weights` in VisionTransformer  

backbone.layers.6.ffn.layers.1.bias - torch.Size([768]): 
Initialized by user-defined `init_weights` in VisionTransformer  

backbone.layers.7.ln1.weight - torch.Size([768]): 
Initialized by user-defined `init_weights` in VisionTransformer  

backbone.layers.7.ln1.bias - torch.Size([768]): 
Initialized by user-defined `init_weights` in VisionTransformer  

backbone.layers.7.attn.attn.in_proj_weight - torch.Size([2304, 768]): 
Initialized by user-defined `init_weights` in VisionTransformer  

backbone.layers.7.attn.attn.in_proj_bias - torch.Size([2304]): 
Initialized by user-defined `init_weights` in VisionTransformer  

backbone.layers.7.attn.attn.out_proj.weight - torch.Size([768, 768]): 
Initialized by user-defined `init_weights` in VisionTransformer  

backbone.layers.7.attn.attn.out_proj.bias - torch.Size([768]): 
Initialized by user-defined `init_weights` in VisionTransformer  

backbone.layers.7.ln2.weight - torch.Size([768]): 
Initialized by user-defined `init_weights` in VisionTransformer  

backbone.layers.7.ln2.bias - torch.Size([768]): 
Initialized by user-defined `init_weights` in VisionTransformer  

backbone.layers.7.ffn.layers.0.0.weight - torch.Size([3072, 768]): 
Initialized by user-defined `init_weights` in VisionTransformer  

backbone.layers.7.ffn.layers.0.0.bias - torch.Size([3072]): 
Initialized by user-defined `init_weights` in VisionTransformer  

backbone.layers.7.ffn.layers.1.weight - torch.Size([768, 3072]): 
Initialized by user-defined `init_weights` in VisionTransformer  

backbone.layers.7.ffn.layers.1.bias - torch.Size([768]): 
Initialized by user-defined `init_weights` in VisionTransformer  

backbone.layers.8.ln1.weight - torch.Size([768]): 
Initialized by user-defined `init_weights` in VisionTransformer  

backbone.layers.8.ln1.bias - torch.Size([768]): 
Initialized by user-defined `init_weights` in VisionTransformer  

backbone.layers.8.attn.attn.in_proj_weight - torch.Size([2304, 768]): 
Initialized by user-defined `init_weights` in VisionTransformer  

backbone.layers.8.attn.attn.in_proj_bias - torch.Size([2304]): 
Initialized by user-defined `init_weights` in VisionTransformer  

backbone.layers.8.attn.attn.out_proj.weight - torch.Size([768, 768]): 
Initialized by user-defined `init_weights` in VisionTransformer  

backbone.layers.8.attn.attn.out_proj.bias - torch.Size([768]): 
Initialized by user-defined `init_weights` in VisionTransformer  

backbone.layers.8.ln2.weight - torch.Size([768]): 
Initialized by user-defined `init_weights` in VisionTransformer  

backbone.layers.8.ln2.bias - torch.Size([768]): 
Initialized by user-defined `init_weights` in VisionTransformer  

backbone.layers.8.ffn.layers.0.0.weight - torch.Size([3072, 768]): 
Initialized by user-defined `init_weights` in VisionTransformer  

backbone.layers.8.ffn.layers.0.0.bias - torch.Size([3072]): 
Initialized by user-defined `init_weights` in VisionTransformer  

backbone.layers.8.ffn.layers.1.weight - torch.Size([768, 3072]): 
Initialized by user-defined `init_weights` in VisionTransformer  

backbone.layers.8.ffn.layers.1.bias - torch.Size([768]): 
Initialized by user-defined `init_weights` in VisionTransformer  

backbone.layers.9.ln1.weight - torch.Size([768]): 
Initialized by user-defined `init_weights` in VisionTransformer  

backbone.layers.9.ln1.bias - torch.Size([768]): 
Initialized by user-defined `init_weights` in VisionTransformer  

backbone.layers.9.attn.attn.in_proj_weight - torch.Size([2304, 768]): 
Initialized by user-defined `init_weights` in VisionTransformer  

backbone.layers.9.attn.attn.in_proj_bias - torch.Size([2304]): 
Initialized by user-defined `init_weights` in VisionTransformer  

backbone.layers.9.attn.attn.out_proj.weight - torch.Size([768, 768]): 
Initialized by user-defined `init_weights` in VisionTransformer  

backbone.layers.9.attn.attn.out_proj.bias - torch.Size([768]): 
Initialized by user-defined `init_weights` in VisionTransformer  

backbone.layers.9.ln2.weight - torch.Size([768]): 
Initialized by user-defined `init_weights` in VisionTransformer  

backbone.layers.9.ln2.bias - torch.Size([768]): 
Initialized by user-defined `init_weights` in VisionTransformer  

backbone.layers.9.ffn.layers.0.0.weight - torch.Size([3072, 768]): 
Initialized by user-defined `init_weights` in VisionTransformer  

backbone.layers.9.ffn.layers.0.0.bias - torch.Size([3072]): 
Initialized by user-defined `init_weights` in VisionTransformer  

backbone.layers.9.ffn.layers.1.weight - torch.Size([768, 3072]): 
Initialized by user-defined `init_weights` in VisionTransformer  

backbone.layers.9.ffn.layers.1.bias - torch.Size([768]): 
Initialized by user-defined `init_weights` in VisionTransformer  

backbone.layers.10.ln1.weight - torch.Size([768]): 
Initialized by user-defined `init_weights` in VisionTransformer  

backbone.layers.10.ln1.bias - torch.Size([768]): 
Initialized by user-defined `init_weights` in VisionTransformer  

backbone.layers.10.attn.attn.in_proj_weight - torch.Size([2304, 768]): 
Initialized by user-defined `init_weights` in VisionTransformer  

backbone.layers.10.attn.attn.in_proj_bias - torch.Size([2304]): 
Initialized by user-defined `init_weights` in VisionTransformer  

backbone.layers.10.attn.attn.out_proj.weight - torch.Size([768, 768]): 
Initialized by user-defined `init_weights` in VisionTransformer  

backbone.layers.10.attn.attn.out_proj.bias - torch.Size([768]): 
Initialized by user-defined `init_weights` in VisionTransformer  

backbone.layers.10.ln2.weight - torch.Size([768]): 
Initialized by user-defined `init_weights` in VisionTransformer  

backbone.layers.10.ln2.bias - torch.Size([768]): 
Initialized by user-defined `init_weights` in VisionTransformer  

backbone.layers.10.ffn.layers.0.0.weight - torch.Size([3072, 768]): 
Initialized by user-defined `init_weights` in VisionTransformer  

backbone.layers.10.ffn.layers.0.0.bias - torch.Size([3072]): 
Initialized by user-defined `init_weights` in VisionTransformer  

backbone.layers.10.ffn.layers.1.weight - torch.Size([768, 3072]): 
Initialized by user-defined `init_weights` in VisionTransformer  

backbone.layers.10.ffn.layers.1.bias - torch.Size([768]): 
Initialized by user-defined `init_weights` in VisionTransformer  

backbone.layers.11.ln1.weight - torch.Size([768]): 
Initialized by user-defined `init_weights` in VisionTransformer  

backbone.layers.11.ln1.bias - torch.Size([768]): 
Initialized by user-defined `init_weights` in VisionTransformer  

backbone.layers.11.attn.attn.in_proj_weight - torch.Size([2304, 768]): 
Initialized by user-defined `init_weights` in VisionTransformer  

backbone.layers.11.attn.attn.in_proj_bias - torch.Size([2304]): 
Initialized by user-defined `init_weights` in VisionTransformer  

backbone.layers.11.attn.attn.out_proj.weight - torch.Size([768, 768]): 
Initialized by user-defined `init_weights` in VisionTransformer  

backbone.layers.11.attn.attn.out_proj.bias - torch.Size([768]): 
Initialized by user-defined `init_weights` in VisionTransformer  

backbone.layers.11.ln2.weight - torch.Size([768]): 
Initialized by user-defined `init_weights` in VisionTransformer  

backbone.layers.11.ln2.bias - torch.Size([768]): 
Initialized by user-defined `init_weights` in VisionTransformer  

backbone.layers.11.ffn.layers.0.0.weight - torch.Size([3072, 768]): 
Initialized by user-defined `init_weights` in VisionTransformer  

backbone.layers.11.ffn.layers.0.0.bias - torch.Size([3072]): 
Initialized by user-defined `init_weights` in VisionTransformer  

backbone.layers.11.ffn.layers.1.weight - torch.Size([768, 3072]): 
Initialized by user-defined `init_weights` in VisionTransformer  

backbone.layers.11.ffn.layers.1.bias - torch.Size([768]): 
Initialized by user-defined `init_weights` in VisionTransformer  

backbone.ln1.weight - torch.Size([768]): 
Initialized by user-defined `init_weights` in VisionTransformer  

backbone.ln1.bias - torch.Size([768]): 
Initialized by user-defined `init_weights` in VisionTransformer  

decode_head.cls_emb - torch.Size([1, 2, 768]): 
Initialized by user-defined `init_weights` in SegmenterMaskTransformerHead  

decode_head.layers.0.ln1.weight - torch.Size([768]): 
The value is the same before and after calling `init_weights` of EncoderDecoder  

decode_head.layers.0.ln1.bias - torch.Size([768]): 
The value is the same before and after calling `init_weights` of EncoderDecoder  

decode_head.layers.0.attn.attn.in_proj_weight - torch.Size([2304, 768]): 
The value is the same before and after calling `init_weights` of EncoderDecoder  

decode_head.layers.0.attn.attn.in_proj_bias - torch.Size([2304]): 
The value is the same before and after calling `init_weights` of EncoderDecoder  

decode_head.layers.0.attn.attn.out_proj.weight - torch.Size([768, 768]): 
Initialized by user-defined `init_weights` in SegmenterMaskTransformerHead  

decode_head.layers.0.attn.attn.out_proj.bias - torch.Size([768]): 
The value is the same before and after calling `init_weights` of EncoderDecoder  

decode_head.layers.0.ln2.weight - torch.Size([768]): 
The value is the same before and after calling `init_weights` of EncoderDecoder  

decode_head.layers.0.ln2.bias - torch.Size([768]): 
The value is the same before and after calling `init_weights` of EncoderDecoder  

decode_head.layers.0.ffn.layers.0.0.weight - torch.Size([3072, 768]): 
Initialized by user-defined `init_weights` in SegmenterMaskTransformerHead  

decode_head.layers.0.ffn.layers.0.0.bias - torch.Size([3072]): 
Initialized by user-defined `init_weights` in SegmenterMaskTransformerHead  

decode_head.layers.0.ffn.layers.1.weight - torch.Size([768, 3072]): 
Initialized by user-defined `init_weights` in SegmenterMaskTransformerHead  

decode_head.layers.0.ffn.layers.1.bias - torch.Size([768]): 
Initialized by user-defined `init_weights` in SegmenterMaskTransformerHead  

decode_head.layers.1.ln1.weight - torch.Size([768]): 
The value is the same before and after calling `init_weights` of EncoderDecoder  

decode_head.layers.1.ln1.bias - torch.Size([768]): 
The value is the same before and after calling `init_weights` of EncoderDecoder  

decode_head.layers.1.attn.attn.in_proj_weight - torch.Size([2304, 768]): 
The value is the same before and after calling `init_weights` of EncoderDecoder  

decode_head.layers.1.attn.attn.in_proj_bias - torch.Size([2304]): 
The value is the same before and after calling `init_weights` of EncoderDecoder  

decode_head.layers.1.attn.attn.out_proj.weight - torch.Size([768, 768]): 
Initialized by user-defined `init_weights` in SegmenterMaskTransformerHead  

decode_head.layers.1.attn.attn.out_proj.bias - torch.Size([768]): 
The value is the same before and after calling `init_weights` of EncoderDecoder  

decode_head.layers.1.ln2.weight - torch.Size([768]): 
The value is the same before and after calling `init_weights` of EncoderDecoder  

decode_head.layers.1.ln2.bias - torch.Size([768]): 
The value is the same before and after calling `init_weights` of EncoderDecoder  

decode_head.layers.1.ffn.layers.0.0.weight - torch.Size([3072, 768]): 
Initialized by user-defined `init_weights` in SegmenterMaskTransformerHead  

decode_head.layers.1.ffn.layers.0.0.bias - torch.Size([3072]): 
Initialized by user-defined `init_weights` in SegmenterMaskTransformerHead  

decode_head.layers.1.ffn.layers.1.weight - torch.Size([768, 3072]): 
Initialized by user-defined `init_weights` in SegmenterMaskTransformerHead  

decode_head.layers.1.ffn.layers.1.bias - torch.Size([768]): 
Initialized by user-defined `init_weights` in SegmenterMaskTransformerHead  

decode_head.dec_proj.weight - torch.Size([768, 768]): 
Initialized by user-defined `init_weights` in SegmenterMaskTransformerHead  

decode_head.dec_proj.bias - torch.Size([768]): 
Initialized by user-defined `init_weights` in SegmenterMaskTransformerHead  

decode_head.patch_proj.weight - torch.Size([768, 768]): 
Initialized by user-defined `init_weights` in SegmenterMaskTransformerHead  

decode_head.classes_proj.weight - torch.Size([768, 768]): 
Initialized by user-defined `init_weights` in SegmenterMaskTransformerHead  

decode_head.decoder_norm.weight - torch.Size([768]): 
The value is the same before and after calling `init_weights` of EncoderDecoder  

decode_head.decoder_norm.bias - torch.Size([768]): 
The value is the same before and after calling `init_weights` of EncoderDecoder  

decode_head.mask_norm.weight - torch.Size([2]): 
The value is the same before and after calling `init_weights` of EncoderDecoder  

decode_head.mask_norm.bias - torch.Size([2]): 
The value is the same before and after calling `init_weights` of EncoderDecoder  
2023/05/11 14:32:51 - mmengine - INFO - Load checkpoint from https://download.openmmlab.com/mmsegmentation/v0.5/segmenter/segmenter_vit-t_mask_8x1_512x512_160k_ade20k/segmenter_vit-t_mask_8x1_512x512_160k_ade20k_20220105_151706-ffcf7509.pth
2023/05/11 14:32:51 - mmengine - WARNING - "FileClient" will be deprecated in future. Please use io functions in https://mmengine.readthedocs.io/en/latest/api/fileio.html#file-io
2023/05/11 14:32:51 - mmengine - WARNING - "HardDiskBackend" is the alias of "LocalBackend" and the former will be deprecated in future.
2023/05/11 14:32:51 - mmengine - INFO - Checkpoints will be saved to /content/mmsegmentation/work_dirs/tutorial.
2023/05/11 14:33:16 - mmengine - INFO - Iter(train) [50/50]  lr: 4.4388e-04  eta: 0:00:00  time: 0.2835  data_time: 0.0066  memory: 2303  loss: 0.0636  decode.loss_ce: 0.0636  decode.acc_seg: 100.0000
2023/05/11 14:33:16 - mmengine - INFO - Saving checkpoint at 50 iterations
2023/05/11 14:38:27 - mmengine - INFO - Iter(val) [  50/1000]    eta: 1:36:18  time: 16.4674  data_time: 0.0910  memory: 2343  
2023/05/11 14:52:12 - mmengine - INFO - Iter(val) [ 100/1000]    eta: 2:49:21  time: 16.4475  data_time: 0.0842  memory: 2385  
2023/05/11 14:59:37 - mmengine - INFO - Iter(val) [ 150/1000]    eta: 2:28:40  time: 0.2095  data_time: 0.0034  memory: 2345  
2023/05/11 14:59:48 - mmengine - INFO - Iter(val) [ 200/1000]    eta: 1:45:38  time: 0.2107  data_time: 0.0035  memory: 945  
2023/05/11 14:59:58 - mmengine - INFO - Iter(val) [ 250/1000]    eta: 1:19:45  time: 0.2095  data_time: 0.0029  memory: 928  
2023/05/11 15:00:09 - mmengine - INFO - Iter(val) [ 300/1000]    eta: 1:02:26  time: 0.2090  data_time: 0.0030  memory: 918  
2023/05/11 15:00:20 - mmengine - INFO - Iter(val) [ 350/1000]    eta: 0:50:01  time: 0.2136  data_time: 0.0054  memory: 918  
2023/05/11 15:00:30 - mmengine - INFO - Iter(val) [ 400/1000]    eta: 0:40:40  time: 0.2092  data_time: 0.0030  memory: 918  
2023/05/11 15:01:35 - mmengine - INFO - Iter(val) [ 450/1000]    eta: 0:34:27  time: 2.9262  data_time: 0.0236  memory: 1173  
2023/05/11 15:04:37 - mmengine - INFO - Iter(val) [ 500/1000]    eta: 0:31:13  time: 3.8076  data_time: 0.0244  memory: 1187  
2023/05/11 15:07:45 - mmengine - INFO - Iter(val) [ 550/1000]    eta: 0:28:06  time: 4.0417  data_time: 0.0258  memory: 1186  
2023/05/11 15:10:59 - mmengine - INFO - Iter(val) [ 600/1000]    eta: 0:25:03  time: 3.6540  data_time: 0.0233  memory: 1185  
2023/05/11 15:13:48 - mmengine - INFO - Iter(val) [ 650/1000]    eta: 0:21:45  time: 3.1052  data_time: 0.0227  memory: 1262  
2023/05/11 15:17:54 - mmengine - INFO - Iter(val) [ 700/1000]    eta: 0:19:04  time: 4.9225  data_time: 0.0329  memory: 1340  
2023/05/11 15:21:02 - mmengine - INFO - Iter(val) [ 750/1000]    eta: 0:15:52  time: 3.8562  data_time: 0.0230  memory: 1694  
2023/05/11 15:24:14 - mmengine - INFO - Iter(val) [ 800/1000]    eta: 0:12:42  time: 3.9109  data_time: 0.0232  memory: 1188  
2023/05/11 15:27:30 - mmengine - INFO - Iter(val) [ 850/1000]    eta: 0:09:32  time: 4.0581  data_time: 0.0300  memory: 1210  
2023/05/11 15:30:51 - mmengine - INFO - Iter(val) [ 900/1000]    eta: 0:06:23  time: 4.0417  data_time: 0.0263  memory: 1185  
2023/05/11 15:33:52 - mmengine - INFO - Iter(val) [ 950/1000]    eta: 0:03:10  time: 3.1024  data_time: 0.0173  memory: 1181  
2023/05/11 15:36:21 - mmengine - INFO - Iter(val) [1000/1000]    eta: 0:00:00  time: 2.9472  data_time: 0.0152  memory: 1187  
2023/05/11 15:36:22 - mmengine - INFO - per class results:
2023/05/11 15:36:22 - mmengine - INFO - 
+---------+-------+-------+
|  Class  |  IoU  |  Acc  |
+---------+-------+-------+
| outside | 100.0 | 100.0 |
|  inside |  0.0  |  nan  |
+---------+-------+-------+
2023/05/11 15:36:22 - mmengine - INFO - Iter(val) [1000/1000]    aAcc: 100.0000  mIoU: 50.0000  mAcc: 100.0000  data_time: 0.0253  time: 3.7781
2023/05/11 15:39:56 - mmengine - WARNING - `Visualizer` backend is not initialized because save_dir is None.
